INFO:DNN:|2024-03-14 12:38:13| Namespace(ablation=0, bs=256, check=0, classification=0, dataset='rt', debug=0, decay=0.0001, density=0.001, device='cpu', dimension=32, epochs=1, experiment=0, log=<utils.logger.Logger object at 0x7fb68966eb20>, loss_func='L1Loss', lr=0.001, lr_step=10, model='DNN', optim='AdamW', path='./datasets/', patience=10, program_test=0, record=0, rounds=5, saved=1, seed=0, serv_num=5825, user_num=339, valid=1, verbose=1
INFO:DNN:|2024-03-14 12:38:13| ********************Experiment Start*******************
INFO:DNN:|2024-03-14 12:38:33| Namespace(ablation=0, bs=256, check=0, classification=0, dataset='rt', debug=0, decay=0.0001, density=0.001, device='cpu', dimension=32, epochs=1, experiment=0, log=<utils.logger.Logger object at 0x7fc1c1165b20>, loss_func='L1Loss', lr=0.001, lr_step=10, model='DNN', optim='AdamW', path='./datasets/', patience=10, program_test=0, record=0, rounds=5, saved=1, seed=0, serv_num=5825, user_num=339, valid=1, verbose=1
INFO:DNN:|2024-03-14 12:38:33| ********************Experiment Start*******************
INFO:DNN:|2024-03-14 12:39:22| Namespace(ablation=0, bs=256, check=0, classification=0, dataset='rt', debug=0, decay=0.0001, density=0.001, device='cpu', dimension=32, epochs=1, experiment=0, log=<utils.logger.Logger object at 0x7fb848e7eb20>, loss_func='L1Loss', lr=0.001, lr_step=10, model='DNN', optim='AdamW', path='./datasets/', patience=10, program_test=0, record=0, rounds=5, saved=1, seed=0, serv_num=5825, user_num=339, valid=1, verbose=1
INFO:DNN:|2024-03-14 12:39:22| ********************Experiment Start*******************
INFO:DNN:|2024-03-14 12:39:47| Namespace(ablation=0, bs=256, check=0, classification=0, dataset='rt', debug=0, decay=0.0001, density=0.001, device='cpu', dimension=32, epochs=1, experiment=0, log=<utils.logger.Logger object at 0x7fa5c10eec40>, loss_func='L1Loss', lr=0.001, lr_step=10, model='DNN', optim='AdamW', path='./datasets/', patience=10, program_test=0, record=0, rounds=5, saved=1, seed=0, serv_num=5825, user_num=339, valid=1, verbose=1
INFO:DNN:|2024-03-14 12:39:47| ********************Experiment Start*******************
INFO:DNN:|2024-03-14 12:40:12| Namespace(ablation=0, bs=256, check=0, classification=0, dataset='rt', debug=0, decay=0.0001, density=0.0001, device='cpu', dimension=32, epochs=300, experiment=0, log=<utils.logger.Logger object at 0x7fcd09076c10>, loss_func='L1Loss', lr=0.001, lr_step=10, model='DNN', optim='AdamW', path='./datasets/', patience=10, program_test=0, record=0, rounds=5, saved=1, seed=0, serv_num=5825, user_num=339, valid=1, verbose=1
INFO:DNN:|2024-03-14 12:40:12| ********************Experiment Start*******************
INFO:DNN:|2024-03-14 14:10:02| Namespace(ablation=0, bs=256, check=0, classification=0, dataset='rt', debug=0, decay=0.0001, density=0.0001, device='cpu', dimension=32, epochs=300, experiment=0, log=<utils.logger.Logger object at 0x7fcc5813db20>, loss_func='L1Loss', lr=0.001, lr_step=10, model='DNN', optim='AdamW', path='./datasets/', patience=10, program_test=0, record=0, rounds=5, saved=1, seed=0, serv_num=5825, user_num=339, valid=1, verbose=1
INFO:DNN:|2024-03-14 14:10:02| ********************Experiment Start*******************
INFO:DNN:|2024-03-14 14:10:16| Namespace(ablation=0, bs=256, check=0, classification=0, dataset='rt', debug=0, decay=0.0001, density=0.0001, device='cpu', dimension=32, epochs=300, experiment=0, log=<utils.logger.Logger object at 0x7f99c8e4db20>, loss_func='L1Loss', lr=0.001, lr_step=10, model='DNN', optim='AdamW', path='./datasets/', patience=10, program_test=0, record=0, rounds=5, saved=1, seed=0, serv_num=5825, user_num=339, valid=1, verbose=1
INFO:DNN:|2024-03-14 14:10:16| ********************Experiment Start*******************
INFO:DNN:|2024-03-14 14:10:41| Namespace(ablation=0, bs=256, check=0, classification=0, dataset='rt', debug=0, decay=0.0001, density=0.0001, device='cpu', dimension=32, epochs=300, experiment=0, log=<utils.logger.Logger object at 0x7f7be0b6eee0>, loss_func='L1Loss', lr=0.001, lr_step=10, model='DNN', optim='AdamW', path='./datasets/', patience=10, program_test=0, record=0, rounds=5, saved=1, seed=0, serv_num=5825, user_num=339, valid=1, verbose=1
INFO:DNN:|2024-03-14 14:10:41| ********************Experiment Start*******************
INFO:DNN:|2024-03-14 14:11:06| Namespace(ablation=0, bs=256, check=0, classification=0, dataset='rt', debug=0, decay=0.0001, density=0.0001, device='cpu', dimension=32, epochs=300, experiment=0, log=<utils.logger.Logger object at 0x7fd64812ebe0>, loss_func='L1Loss', lr=0.001, lr_step=10, model='DNN', optim='AdamW', path='./datasets/', patience=10, program_test=0, record=0, rounds=5, saved=1, seed=0, serv_num=5825, user_num=339, valid=1, verbose=1
INFO:DNN:|2024-03-14 14:11:06| ********************Experiment Start*******************
INFO:DNN:|2024-03-14 14:56:27| Namespace(ablation=0, bs=256, check=0, classification=0, dataset='rt', debug=0, decay=0.0001, density=0.0001, device='cpu', dimension=32, epochs=300, experiment=0, log=<utils.logger.Logger object at 0x7fa8b0976be0>, loss_func='L1Loss', lr=0.001, lr_step=10, model='DNN', optim='AdamW', path='./datasets/', patience=10, program_test=0, record=0, rounds=5, saved=1, seed=0, serv_num=5825, user_num=339, valid=1, verbose=1
INFO:DNN:|2024-03-14 14:56:27| ********************Experiment Start*******************
INFO:DNN:|2024-03-14 14:57:12| Namespace(ablation=0, bs=256, check=0, classification=0, dataset='rt', debug=0, decay=0.0001, density=0.0001, device='cpu', dimension=32, epochs=300, experiment=0, log=<utils.logger.Logger object at 0x7fda39bb6be0>, loss_func='L1Loss', lr=0.001, lr_step=10, model='DNN', optim='AdamW', path='./datasets/', patience=10, program_test=0, record=0, rounds=5, saved=1, seed=0, serv_num=5825, user_num=339, valid=1, verbose=1
INFO:DNN:|2024-03-14 14:57:12| ********************Experiment Start*******************
INFO:DNN:|2024-03-14 14:57:20| Namespace(ablation=0, bs=256, check=0, classification=0, dataset='rt', debug=0, decay=0.0001, density=0.0001, device='cpu', dimension=32, epochs=300, experiment=0, log=<utils.logger.Logger object at 0x7fbe286edbe0>, loss_func='L1Loss', lr=0.001, lr_step=10, model='DNN', optim='AdamW', path='./datasets/', patience=10, program_test=0, record=0, rounds=5, saved=1, seed=0, serv_num=5825, user_num=339, valid=1, verbose=1
INFO:DNN:|2024-03-14 14:57:20| ********************Experiment Start*******************
INFO:DNN:|2024-03-14 15:31:38| Namespace(ablation=0, bs=256, check=0, classification=0, dataset='rt', debug=0, decay=0.0001, density=0.0001, device='cpu', dimension=32, epochs=300, experiment=0, log=<utils.logger.Logger object at 0x7fc999337c40>, loss_func='L1Loss', lr=0.001, lr_step=10, model='DNN', optim='AdamW', path='./datasets/', patience=10, program_test=0, record=0, rounds=5, saved=1, seed=0, serv_num=5825, user_num=339, valid=1, verbose=1
INFO:DNN:|2024-03-14 15:31:38| ********************Experiment Start*******************
INFO:DNN:|2024-03-14 15:42:07| {'ablation': 0,
 'bs': 256,
 'check': 0,
 'classification': 0,
 'config_path': '/Users/zengyuxiang/Documents/科研代码/Reloop_MF/utils/../default_config.yaml',
 'dataset': 'rt',
 'debug': 0,
 'decay': 0.0001,
 'density': 0.0001,
 'device': 'cpu',
 'dimension': 32,
 'epochs': 300,
 'experiment': 0,
 'log': <utils.logger.Logger object at 0x7fd090e425b0>,
 'loss_func': 'L1Loss',
 'lr': 0.001,
 'lr_step': 10,
 'model': 'DNN',
 'optim': 'AdamW',
 'path': './datasets/',
 'patience': 10,
 'program_test': 0,
 'record': 0,
 'rounds': 5,
 'saved': 1,
 'seed': 0,
 'serv_num': 5825,
 'user_num': 339,
 'valid': 1,
 'verbose': 1
INFO:DNN:|2024-03-14 15:42:07| ********************Experiment Start*******************
INFO:DNN:|2024-03-14 15:47:50| {'ablation': 0,
 'bs': 256,
 'check': 0,
 'classification': 0,
 'config_path': '/Users/zengyuxiang/Documents/科研代码/Reloop_MF/utils/../default_config.yaml',
 'dataset': 'rt',
 'debug': 0,
 'decay': 0.0001,
 'density': 0.0001,
 'device': 'cpu',
 'dimension': 32,
 'epochs': 300,
 'experiment': 0,
 'log': <utils.logger.Logger object at 0x7f8f78ac9520>,
 'loss_func': 'L1Loss',
 'lr': 0.001,
 'lr_step': 10,
 'model': 'DNN',
 'optim': 'AdamW',
 'path': './datasets/',
 'patience': 10,
 'program_test': 0,
 'record': 0,
 'rounds': 5,
 'saved': 1,
 'seed': 0,
 'serv_num': 5825,
 'user_num': 339,
 'valid': 1,
 'verbose': 1
INFO:DNN:|2024-03-14 15:47:50| ********************Experiment Start*******************
INFO:DNN:|2024-03-14 15:51:18| {'ablation': 0,
 'bs': 256,
 'check': 0,
 'classification': 0,
 'config_path': '/Users/zengyuxiang/Documents/科研代码/Reloop_MF/utils/../default_config.yaml',
 'dataset': 'rt',
 'debug': 0,
 'decay': 0.0001,
 'density': 0.0001,
 'device': 'cpu',
 'dimension': 32,
 'epochs': 300,
 'experiment': 0,
 'log': <utils.logger.Logger object at 0x7fa879f58550>,
 'loss_func': 'L1Loss',
 'lr': '1e-3',
 'lr_step': 10,
 'model': 'DNN',
 'optim': 'AdamW',
 'path': './datasets/',
 'patience': 10,
 'program_test': 0,
 'record': 0,
 'rounds': 5,
 'saved': 1,
 'seed': 0,
 'serv_num': 5825,
 'user_num': 339,
 'valid': 1,
 'verbose': 1
INFO:DNN:|2024-03-14 15:51:18| ********************Experiment Start*******************
INFO:DNN:|2024-03-14 15:51:33| {'ablation': 0,
 'bs': 256,
 'check': 0,
 'classification': 0,
 'config_path': '/Users/zengyuxiang/Documents/科研代码/Reloop_MF/utils/../default_config.yaml',
 'dataset': 'rt',
 'debug': 0,
 'decay': 0.0001,
 'density': 0.0001,
 'device': 'cpu',
 'dimension': 32,
 'epochs': 300,
 'experiment': 0,
 'log': <utils.logger.Logger object at 0x7fcb594624f0>,
 'loss_func': 'L1Loss',
 'lr': 0.001,
 'lr_step': 10,
 'model': 'DNN',
 'optim': 'AdamW',
 'path': './datasets/',
 'patience': 10,
 'program_test': 0,
 'record': 0,
 'rounds': 5,
 'saved': 1,
 'seed': 0,
 'serv_num': 5825,
 'user_num': 339,
 'valid': 1,
 'verbose': 1
INFO:DNN:|2024-03-14 15:51:33| ********************Experiment Start*******************
INFO:DNN:|2024-03-14 15:52:52| {'ablation': 0,
 'bs': 256,
 'check': 0,
 'classification': 0,
 'config_path': '/Users/zengyuxiang/Documents/科研代码/Reloop_MF/utils/../default_config.yaml',
 'dataset': 'rt',
 'debug': 0,
 'decay': 0.0001,
 'density': 0.0001,
 'device': 'cpu',
 'dimension': 32,
 'epochs': 300,
 'experiment': 0,
 'log': <utils.logger.Logger object at 0x7ff5500b94f0>,
 'loss_func': 'L1Loss',
 'lr': 0.001,
 'lr_step': 10,
 'model': 'DNN',
 'optim': 'AdamW',
 'path': './datasets/',
 'patience': 10,
 'program_test': 0,
 'record': 0,
 'rounds': 5,
 'saved': 1,
 'seed': 0,
 'serv_num': 5825,
 'user_num': 339,
 'valid': 1,
 'verbose': 1
INFO:DNN:|2024-03-14 15:52:52| ********************Experiment Start*******************
INFO:DNN:|2024-03-14 15:53:15| {'ablation': 0,
 'bs': 256,
 'check': 0,
 'classification': 0,
 'config_path': '/Users/zengyuxiang/Documents/科研代码/Reloop_MF/utils/../default_config.yaml',
 'dataset': 'rt',
 'debug': 0,
 'decay': 0.0001,
 'density': 0.0001,
 'device': 'cpu',
 'dimension': 32,
 'epochs': 300,
 'experiment': 0,
 'log': <utils.logger.Logger object at 0x7feee98db520>,
 'loss_func': 'L1Loss',
 'lr': 0.001,
 'lr_step': 10,
 'model': 'DNN',
 'optim': 'AdamW',
 'path': './datasets/',
 'patience': 10,
 'program_test': 0,
 'record': 0,
 'rounds': 5,
 'saved': 1,
 'seed': 0,
 'serv_num': 5825,
 'user_num': 339,
 'valid': 1,
 'verbose': 1
INFO:DNN:|2024-03-14 15:53:15| ********************Experiment Start*******************
INFO:DNN:|2024-03-14 20:25:32| {'ablation': 0,
 'bs': 256,
 'check': 0,
 'classification': 0,
 'config_path': '/Users/zengyuxiang/Documents/科研代码/Reloop_MF/utils/../default_config.yaml',
 'dataset': 'rt',
 'debug': 0,
 'decay': 0.0001,
 'density': 0.0001,
 'device': 'cpu',
 'dimension': 32,
 'epochs': 300,
 'experiment': 0,
 'log': <utils.logger.Logger object at 0x7fc020c41d60>,
 'loss_func': 'L1Loss',
 'lr': 0.001,
 'lr_step': 10,
 'model': 'DNN',
 'optim': 'AdamW',
 'path': './datasets/',
 'patience': 10,
 'program_test': 0,
 'record': 0,
 'rounds': 5,
 'saved': 1,
 'seed': 0,
 'serv_num': 5825,
 'user_num': 339,
 'valid': 1,
 'verbose': 1
INFO:DNN:|2024-03-14 20:25:32| ********************Experiment Start*******************
INFO:DNN:|2024-03-14 20:26:01| {'ablation': 0,
 'bs': 256,
 'check': 0,
 'classification': 0,
 'config_path': '/Users/zengyuxiang/Documents/科研代码/Reloop_MF/utils/../default_config.yaml',
 'dataset': 'rt',
 'debug': 0,
 'decay': 0.0001,
 'density': 0.0001,
 'device': 'cpu',
 'dimension': 32,
 'epochs': 300,
 'experiment': 0,
 'log': <utils.logger.Logger object at 0x7fb1f8c4f190>,
 'loss_func': 'L1Loss',
 'lr': 0.001,
 'lr_step': 10,
 'model': 'DNN',
 'optim': 'AdamW',
 'path': './datasets/',
 'patience': 10,
 'program_test': 0,
 'record': 0,
 'rounds': 1,
 'saved': 1,
 'seed': 0,
 'serv_num': 5825,
 'user_num': 339,
 'valid': 1,
 'verbose': 1
INFO:DNN:|2024-03-14 20:26:01| ********************Experiment Start*******************
INFO:DNN:|2024-03-14 20:26:40| {'ablation': 0,
 'bs': 256,
 'check': 0,
 'classification': 0,
 'config_path': '/Users/zengyuxiang/Documents/科研代码/Reloop_MF/utils/../default_config.yaml',
 'dataset': 'rt',
 'debug': 0,
 'decay': 0.0001,
 'density': 0.0001,
 'device': 'cpu',
 'dimension': 32,
 'epochs': 300,
 'experiment': 0,
 'log': <utils.logger.Logger object at 0x7fca98141520>,
 'loss_func': 'L1Loss',
 'lr': 0.001,
 'lr_step': 10,
 'model': 'DNN',
 'optim': 'AdamW',
 'path': './datasets/',
 'patience': 10,
 'program_test': 0,
 'record': 0,
 'rounds': 5,
 'saved': 1,
 'seed': 0,
 'serv_num': 5825,
 'user_num': 339,
 'valid': 1,
 'verbose': 1
INFO:DNN:|2024-03-14 20:26:40| ********************Experiment Start*******************
INFO:DNN:|2024-03-14 20:26:50| {'ablation': 0,
 'bs': 256,
 'check': 0,
 'classification': 0,
 'config_path': '/Users/zengyuxiang/Documents/科研代码/Reloop_MF/utils/../default_config.yaml',
 'dataset': 'rt',
 'debug': 0,
 'decay': 0.0001,
 'density': 0.0001,
 'device': 'cpu',
 'dimension': 32,
 'epochs': 1,
 'experiment': 0,
 'log': <utils.logger.Logger object at 0x7ff349bbe1c0>,
 'loss_func': 'L1Loss',
 'lr': 0.001,
 'lr_step': 10,
 'model': 'DNN',
 'optim': 'AdamW',
 'path': './datasets/',
 'patience': 10,
 'program_test': 0,
 'record': 0,
 'rounds': 1,
 'saved': 1,
 'seed': 0,
 'serv_num': 5825,
 'user_num': 339,
 'valid': 1,
 'verbose': 1
INFO:DNN:|2024-03-14 20:26:50| ********************Experiment Start*******************
INFO:DNN:|2024-03-14 20:30:07| {'ablation': 0,
 'bs': 256,
 'check': 0,
 'classification': 0,
 'config_path': '/Users/zengyuxiang/Documents/科研代码/Reloop_MF/utils/../default_config.yaml',
 'dataset': 'rt',
 'debug': 0,
 'decay': 0.0001,
 'density': 0.1,
 'device': 'cpu',
 'dimension': 32,
 'epochs': 300,
 'experiment': 0,
 'log': <utils.logger.Logger object at 0x7fa4295b85b0>,
 'loss_func': 'L1Loss',
 'lr': 0.001,
 'lr_step': 10,
 'model': 'DNN',
 'optim': 'AdamW',
 'path': './datasets/',
 'patience': 10,
 'program_test': 0,
 'record': 0,
 'rounds': 5,
 'saved': 1,
 'seed': 0,
 'serv_num': 5825,
 'user_num': 339,
 'verbose': 1
INFO:DNN:|2024-03-14 20:30:07| ********************Experiment Start*******************
INFO:DNN:|2024-03-14 20:46:15| {'ablation': 0,
 'bs': 256,
 'check': 1,
 'classification': 0,
 'config_path': '/Users/zengyuxiang/Documents/科研代码/Reloop_MF/utils/../default_config.yaml',
 'dataset': 'rt',
 'debug': 0,
 'decay': 0.0001,
 'density': 0.1,
 'device': 'cpu',
 'dimension': 32,
 'epochs': 300,
 'experiment': 0,
 'log': <utils.logger.Logger object at 0x7fab58fa7fd0>,
 'loss_func': 'L1Loss',
 'lr': 0.001,
 'model': 'DNN',
 'optim': 'AdamW',
 'path': './datasets/',
 'patience': 10,
 'program_test': 0,
 'record': 0,
 'rounds': 5,
 'saved': 1,
 'seed': 0,
 'serv_num': 5825,
 'user_num': 339,
 'verbose': 1
INFO:DNN:|2024-03-14 20:46:15| ********************Experiment Start*******************
INFO:DNN:|2024-03-14 23:58:26| {'ablation': 0,
 'bs': 256,
 'check': 1,
 'classification': 0,
 'config_path': '/Users/zengyuxiang/Documents/科研代码/Reloop_MF/utils/../default_config.yaml',
 'dataset': 'rt',
 'debug': 0,
 'decay': 0.0001,
 'density': 0.1,
 'device': 'cpu',
 'dimension': 32,
 'epochs': 300,
 'experiment': 0,
 'k': 3,
 'log': <utils.logger.Logger object at 0x7fc3a82dec40>,
 'loss_func': 'L1Loss',
 'lr': 0.001,
 'model': 'DNN',
 'optim': 'AdamW',
 'path': './datasets/',
 'patience': 10,
 'program_test': 0,
 'record': 0,
 'rounds': 5,
 'saved': 1,
 'seed': 0,
 'serv_num': 5825,
 'user_num': 339,
 'verbose': 1
INFO:DNN:|2024-03-14 23:58:26| ********************Experiment Start*******************
INFO:DNN:|2024-03-15 00:11:47| {'ablation': 0,
 'bs': 256,
 'check': 1,
 'classification': 0,
 'config_path': '/Users/zengyuxiang/Documents/科研代码/Reloop_MF/utils/../default_config.yaml',
 'dataset': 'rt',
 'debug': 0,
 'decay': 0.0001,
 'density': 0.1,
 'device': 'cpu',
 'dimension': 32,
 'epochs': 300,
 'experiment': 0,
 'k': 3,
 'log': <utils.logger.Logger object at 0x7f8ec005ec70>,
 'loss_func': 'L1Loss',
 'lr': 0.001,
 'model': 'DNN',
 'optim': 'AdamW',
 'path': './datasets/',
 'patience': 10,
 'program_test': 0,
 'record': 0,
 'rounds': 5,
 'saved': 1,
 'seed': 0,
 'serv_num': 5825,
 'user_num': 339,
 'verbose': 1
INFO:DNN:|2024-03-15 00:11:47| ********************Experiment Start*******************
INFO:DNN:|2024-03-15 00:22:07| {'ablation': 0,
 'bs': 256,
 'check': 0,
 'classification': 0,
 'config_path': '/Users/zengyuxiang/Documents/科研代码/Reloop_MF/utils/../default_config.yaml',
 'dataset': 'rt',
 'debug': 0,
 'decay': 0.0001,
 'density': 0.1,
 'device': 'cpu',
 'dimension': 32,
 'epochs': 300,
 'experiment': 0,
 'k': 3,
 'log': <utils.logger.Logger object at 0x7fc470400f70>,
 'loss_func': 'L1Loss',
 'lr': 0.001,
 'model': 'DNN',
 'optim': 'AdamW',
 'path': './datasets/',
 'patience': 10,
 'program_test': 0,
 'record': 0,
 'rounds': 5,
 'saved': 1,
 'seed': 0,
 'serv_num': 5825,
 'user_num': 339,
 'verbose': 1
INFO:DNN:|2024-03-15 00:22:07| ********************Experiment Start*******************
INFO:DNN:|2024-03-15 00:22:46| {'ablation': 0,
 'bs': 256,
 'check': 0,
 'classification': 0,
 'config_path': '/Users/zengyuxiang/Documents/科研代码/Reloop_MF/utils/../default_config.yaml',
 'dataset': 'rt',
 'debug': 0,
 'decay': 0.0001,
 'density': 0.1,
 'device': 'cpu',
 'dimension': 32,
 'epochs': 300,
 'experiment': 0,
 'k': 3,
 'log': <utils.logger.Logger object at 0x7fd9185c6c70>,
 'loss_func': 'L1Loss',
 'lr': 0.001,
 'model': 'DNN',
 'optim': 'AdamW',
 'path': './datasets/',
 'patience': 10,
 'program_test': 0,
 'record': 0,
 'rounds': 5,
 'saved': 1,
 'seed': 0,
 'serv_num': 5825,
 'user_num': 339,
 'verbose': 1
INFO:DNN:|2024-03-15 00:22:46| ********************Experiment Start*******************
INFO:DNN:|2024-03-15 00:23:21| {'ablation': 0,
 'bs': 256,
 'check': 0,
 'classification': 0,
 'config_path': '/Users/zengyuxiang/Documents/科研代码/Reloop_MF/utils/../default_config.yaml',
 'dataset': 'rt',
 'debug': 0,
 'decay': 0.0001,
 'density': 0.1,
 'device': 'cpu',
 'dimension': 32,
 'epochs': 300,
 'experiment': 0,
 'k': 3,
 'log': <utils.logger.Logger object at 0x7f7b10255c70>,
 'loss_func': 'L1Loss',
 'lr': 0.001,
 'model': 'DNN',
 'optim': 'AdamW',
 'path': './datasets/',
 'patience': 10,
 'program_test': 0,
 'record': 0,
 'rounds': 5,
 'saved': 1,
 'seed': 0,
 'serv_num': 5825,
 'user_num': 339,
 'verbose': 1
INFO:DNN:|2024-03-15 00:23:21| ********************Experiment Start*******************
INFO:DNN:|2024-03-15 00:24:17| {'ablation': 0,
 'bs': 256,
 'check': 0,
 'classification': 0,
 'config_path': '/Users/zengyuxiang/Documents/科研代码/Reloop_MF/utils/../default_config.yaml',
 'dataset': 'rt',
 'debug': 0,
 'decay': 0.0001,
 'density': 0.1,
 'device': 'cpu',
 'dimension': 32,
 'epochs': 300,
 'experiment': 0,
 'k': 3,
 'log': <utils.logger.Logger object at 0x7fd0584c5700>,
 'loss_func': 'L1Loss',
 'lr': 0.001,
 'model': 'DNN',
 'optim': 'AdamW',
 'path': './datasets/',
 'patience': 10,
 'program_test': 0,
 'record': 0,
 'rounds': 5,
 'saved': 1,
 'seed': 0,
 'serv_num': 5825,
 'user_num': 339,
 'verbose': 1
INFO:DNN:|2024-03-15 00:24:17| ********************Experiment Start*******************
INFO:DNN:|2024-03-15 00:24:28| {'ablation': 0,
 'bs': 256,
 'check': 0,
 'classification': 0,
 'config_path': '/Users/zengyuxiang/Documents/科研代码/Reloop_MF/utils/../default_config.yaml',
 'dataset': 'rt',
 'debug': 0,
 'decay': 0.0001,
 'density': 0.1,
 'device': 'cpu',
 'dimension': 32,
 'epochs': 300,
 'experiment': 0,
 'k': 3,
 'log': <utils.logger.Logger object at 0x7fb8f827ec70>,
 'loss_func': 'L1Loss',
 'lr': 0.001,
 'model': 'DNN',
 'optim': 'AdamW',
 'path': './datasets/',
 'patience': 10,
 'program_test': 0,
 'record': 0,
 'rounds': 5,
 'saved': 1,
 'seed': 0,
 'serv_num': 5825,
 'user_num': 339,
 'verbose': 1
INFO:DNN:|2024-03-15 00:24:28| ********************Experiment Start*******************
INFO:DNN:|2024-03-15 00:25:48| {'ablation': 0,
 'bs': 256,
 'check': 0,
 'classification': 0,
 'config_path': '/Users/zengyuxiang/Documents/科研代码/Reloop_MF/utils/../default_config.yaml',
 'dataset': 'rt',
 'debug': 0,
 'decay': 0.0001,
 'density': 0.1,
 'device': 'cpu',
 'dimension': 32,
 'epochs': 300,
 'experiment': 0,
 'k': 3,
 'log': <utils.logger.Logger object at 0x7fc380587c40>,
 'loss_func': 'L1Loss',
 'lr': 0.001,
 'model': 'DNN',
 'optim': 'AdamW',
 'path': './datasets/',
 'patience': 10,
 'program_test': 0,
 'record': 0,
 'rounds': 5,
 'saved': 1,
 'seed': 0,
 'serv_num': 5825,
 'user_num': 339,
 'verbose': 1
INFO:DNN:|2024-03-15 00:25:48| ********************Experiment Start*******************
INFO:DNN:|2024-03-15 00:26:17| {'ablation': 0,
 'bs': 256,
 'check': 0,
 'classification': 0,
 'config_path': '/Users/zengyuxiang/Documents/科研代码/Reloop_MF/utils/../default_config.yaml',
 'dataset': 'rt',
 'debug': 0,
 'decay': 0.0001,
 'density': 0.1,
 'device': 'cpu',
 'dimension': 32,
 'epochs': 300,
 'experiment': 0,
 'k': 3,
 'log': <utils.logger.Logger object at 0x7fedc0b59f70>,
 'loss_func': 'L1Loss',
 'lr': 0.001,
 'model': 'DNN',
 'optim': 'AdamW',
 'path': './datasets/',
 'patience': 10,
 'program_test': 0,
 'record': 0,
 'rounds': 5,
 'saved': 1,
 'seed': 0,
 'serv_num': 5825,
 'user_num': 339,
 'verbose': 1
INFO:DNN:|2024-03-15 00:26:17| ********************Experiment Start*******************
INFO:DNN:|2024-03-15 00:26:34| {'ablation': 0,
 'bs': 256,
 'check': 0,
 'classification': 0,
 'config_path': '/Users/zengyuxiang/Documents/科研代码/Reloop_MF/utils/../default_config.yaml',
 'dataset': 'rt',
 'debug': 0,
 'decay': 0.0001,
 'density': 0.1,
 'device': 'cpu',
 'dimension': 32,
 'epochs': 300,
 'experiment': 0,
 'k': 3,
 'log': <utils.logger.Logger object at 0x7f9fd8600fd0>,
 'loss_func': 'L1Loss',
 'lr': 0.001,
 'model': 'DNN',
 'optim': 'AdamW',
 'path': './datasets/',
 'patience': 10,
 'program_test': 0,
 'record': 0,
 'rounds': 5,
 'saved': 1,
 'seed': 0,
 'serv_num': 5825,
 'user_num': 339,
 'verbose': 1
INFO:DNN:|2024-03-15 00:26:34| ********************Experiment Start*******************
INFO:DNN:|2024-03-15 00:29:34| {'ablation': 0,
 'bs': 256,
 'check': 0,
 'classification': 0,
 'config_path': '/Users/zengyuxiang/Documents/科研代码/Reloop_MF/utils/../default_config.yaml',
 'dataset': 'rt',
 'debug': 0,
 'decay': 0.0001,
 'density': 0.1,
 'device': 'cpu',
 'dimension': 32,
 'epochs': 300,
 'experiment': 0,
 'k': 3,
 'log': <utils.logger.Logger object at 0x7f9d006cfc70>,
 'loss_func': 'L1Loss',
 'lr': 0.001,
 'model': 'DNN',
 'optim': 'AdamW',
 'path': './datasets/',
 'patience': 10,
 'program_test': 0,
 'record': 0,
 'rounds': 5,
 'saved': 1,
 'seed': 0,
 'serv_num': 5825,
 'user_num': 339,
 'verbose': 1
INFO:DNN:|2024-03-15 00:29:34| ********************Experiment Start*******************
INFO:DNN:|2024-03-15 00:30:00| {'ablation': 0,
 'bs': 256,
 'check': 0,
 'classification': 0,
 'config_path': '/Users/zengyuxiang/Documents/科研代码/Reloop_MF/utils/../default_config.yaml',
 'dataset': 'rt',
 'debug': 0,
 'decay': 0.0001,
 'density': 0.1,
 'device': 'cpu',
 'dimension': 32,
 'epochs': 300,
 'experiment': 0,
 'k': 3,
 'log': <utils.logger.Logger object at 0x7faea8310c70>,
 'loss_func': 'L1Loss',
 'lr': 0.001,
 'model': 'DNN',
 'optim': 'AdamW',
 'path': './datasets/',
 'patience': 10,
 'program_test': 0,
 'record': 0,
 'rounds': 5,
 'saved': 1,
 'seed': 0,
 'serv_num': 5825,
 'user_num': 339,
 'verbose': 1
INFO:DNN:|2024-03-15 00:30:00| ********************Experiment Start*******************
INFO:DNN:|2024-03-15 00:39:14| Round=1 BestEpoch=48 MAE=0.3700 RMSE=1.2979 NMAE=0.4073 NRMSE=0.5978 Training_time=323.5 
INFO:DNN:|2024-03-15 00:39:14| Acc = [1%=0.0261, 5%=0.1232, 10%=0.2304]
INFO:DNN:|2024-03-15 00:49:16| Round=2 BestEpoch=54 MAE=0.3781 RMSE=1.2902 NMAE=0.4159 NRMSE=0.5935 Training_time=359.1 
INFO:DNN:|2024-03-15 00:49:16| Acc = [1%=0.0236, 5%=0.1165, 10%=0.2222]
INFO:DNN:|2024-03-15 00:59:24| Round=3 BestEpoch=55 MAE=0.3649 RMSE=1.2829 NMAE=0.4020 NRMSE=0.5915 Training_time=365.7 
INFO:DNN:|2024-03-15 00:59:24| Acc = [1%=0.0278, 5%=0.1289, 10%=0.2409]
INFO:DNN:|2024-03-15 01:03:04| {'ablation': 0,
 'bs': 256,
 'check': 1,
 'classification': 0,
 'config_path': '/Users/zengyuxiang/Documents/科研代码/Reloop_MF/utils/../default_config.yaml',
 'dataset': 'rt',
 'debug': 0,
 'decay': 0.0001,
 'density': 0.1,
 'device': 'cpu',
 'dimension': 32,
 'epochs': 300,
 'experiment': 0,
 'k': 3,
 'log': <utils.logger.Logger object at 0x7ff680817c70>,
 'loss_func': 'L1Loss',
 'lr': 0.001,
 'model': 'DNN',
 'optim': 'AdamW',
 'path': './datasets/',
 'patience': 10,
 'program_test': 0,
 'record': 0,
 'rounds': 5,
 'saved': 1,
 'seed': 0,
 'serv_num': 5825,
 'user_num': 339,
 'verbose': 1
INFO:DNN:|2024-03-15 01:03:04| ********************Experiment Start*******************
INFO:DNN:|2024-03-15 01:03:27| {'ablation': 0,
 'bs': 256,
 'check': 1,
 'classification': 0,
 'config_path': '/Users/zengyuxiang/Documents/科研代码/Reloop_MF/utils/../default_config.yaml',
 'dataset': 'rt',
 'debug': 0,
 'decay': 0.0001,
 'density': 0.1,
 'device': 'cpu',
 'dimension': 32,
 'epochs': 300,
 'experiment': 0,
 'k': 3,
 'log': <utils.logger.Logger object at 0x7faea83b7c70>,
 'loss_func': 'L1Loss',
 'lr': 0.001,
 'model': 'DNN',
 'optim': 'AdamW',
 'path': './datasets/',
 'patience': 10,
 'program_test': 0,
 'record': 0,
 'rounds': 5,
 'saved': 1,
 'seed': 0,
 'serv_num': 5825,
 'user_num': 339,
 'verbose': 1
INFO:DNN:|2024-03-15 01:03:27| ********************Experiment Start*******************
INFO:DNN:|2024-03-15 01:11:13| {'ablation': 0,
 'bs': 256,
 'check': 1,
 'classification': 0,
 'config_path': '/Users/zengyuxiang/Documents/科研代码/Reloop_MF/utils/../default_config.yaml',
 'dataset': 'rt',
 'debug': 0,
 'decay': 0.0001,
 'density': 0.1,
 'device': 'cpu',
 'dimension': 32,
 'epochs': 300,
 'experiment': 0,
 'k': 3,
 'log': <utils.logger.Logger object at 0x7f8728818c70>,
 'loss_func': 'L1Loss',
 'lr': 0.001,
 'model': 'DNN',
 'optim': 'AdamW',
 'path': './datasets/',
 'patience': 10,
 'program_test': 0,
 'record': 0,
 'rounds': 5,
 'saved': 1,
 'seed': 0,
 'serv_num': 5825,
 'user_num': 339,
 'verbose': 1
INFO:DNN:|2024-03-15 01:11:13| ********************Experiment Start*******************
INFO:DNN:|2024-03-15 01:11:18| {'ablation': 0,
 'bs': 256,
 'check': 1,
 'classification': 0,
 'config_path': '/Users/zengyuxiang/Documents/科研代码/Reloop_MF/utils/../default_config.yaml',
 'dataset': 'rt',
 'debug': 0,
 'decay': 0.0001,
 'density': 0.1,
 'device': 'cpu',
 'dimension': 32,
 'epochs': 300,
 'experiment': 0,
 'k': 3,
 'log': <utils.logger.Logger object at 0x7fd2002a8c70>,
 'loss_func': 'L1Loss',
 'lr': 0.001,
 'model': 'DNN',
 'optim': 'AdamW',
 'path': './datasets/',
 'patience': 10,
 'program_test': 0,
 'record': 0,
 'rounds': 5,
 'saved': 1,
 'seed': 0,
 'serv_num': 5825,
 'user_num': 339,
 'verbose': 1
INFO:DNN:|2024-03-15 01:11:18| ********************Experiment Start*******************
INFO:DNN:|2024-03-15 01:12:20| {'ablation': 0,
 'bs': 256,
 'check': 1,
 'classification': 0,
 'config_path': '/Users/zengyuxiang/Documents/科研代码/Reloop_MF/utils/../default_config.yaml',
 'dataset': 'rt',
 'debug': 0,
 'decay': 0.0001,
 'density': 0.1,
 'device': 'cpu',
 'dimension': 32,
 'epochs': 300,
 'experiment': 0,
 'k': 3,
 'log': <utils.logger.Logger object at 0x7f9f18a77fd0>,
 'loss_func': 'L1Loss',
 'lr': 0.001,
 'model': 'DNN',
 'optim': 'AdamW',
 'path': './datasets/',
 'patience': 10,
 'program_test': 0,
 'record': 0,
 'rounds': 5,
 'saved': 1,
 'seed': 0,
 'serv_num': 5825,
 'user_num': 339,
 'verbose': 1
INFO:DNN:|2024-03-15 01:12:20| ********************Experiment Start*******************
INFO:DNN:|2024-03-15 01:12:54| {'ablation': 0,
 'bs': 256,
 'check': 1,
 'classification': 0,
 'config_path': '/Users/zengyuxiang/Documents/科研代码/Reloop_MF/utils/../default_config.yaml',
 'dataset': 'rt',
 'debug': 0,
 'decay': 0.0001,
 'density': 0.1,
 'device': 'cpu',
 'dimension': 32,
 'epochs': 300,
 'experiment': 0,
 'k': 3,
 'log': <utils.logger.Logger object at 0x7f8b2834fc70>,
 'loss_func': 'L1Loss',
 'lr': 0.001,
 'model': 'DNN',
 'optim': 'AdamW',
 'path': './datasets/',
 'patience': 10,
 'program_test': 0,
 'record': 0,
 'rounds': 5,
 'saved': 1,
 'seed': 0,
 'serv_num': 5825,
 'user_num': 339,
 'verbose': 1
INFO:DNN:|2024-03-15 01:12:54| ********************Experiment Start*******************
INFO:DNN:|2024-03-15 01:13:05| {'ablation': 0,
 'bs': 256,
 'check': 1,
 'classification': 0,
 'config_path': '/Users/zengyuxiang/Documents/科研代码/Reloop_MF/utils/../default_config.yaml',
 'dataset': 'rt',
 'debug': 0,
 'decay': 0.0001,
 'density': 0.1,
 'device': 'cpu',
 'dimension': 32,
 'epochs': 300,
 'experiment': 0,
 'k': 3,
 'log': <utils.logger.Logger object at 0x7fed906f8c70>,
 'loss_func': 'L1Loss',
 'lr': 0.001,
 'model': 'DNN',
 'optim': 'AdamW',
 'path': './datasets/',
 'patience': 10,
 'program_test': 0,
 'record': 0,
 'rounds': 5,
 'saved': 1,
 'seed': 0,
 'serv_num': 5825,
 'user_num': 339,
 'verbose': 1
INFO:DNN:|2024-03-15 01:13:05| ********************Experiment Start*******************
INFO:DNN:|2024-03-15 01:13:36| {'ablation': 0,
 'bs': 256,
 'check': 1,
 'classification': 0,
 'config_path': '/Users/zengyuxiang/Documents/科研代码/Reloop_MF/utils/../default_config.yaml',
 'dataset': 'rt',
 'debug': 0,
 'decay': 0.0001,
 'density': 0.1,
 'device': 'cpu',
 'dimension': 32,
 'epochs': 300,
 'experiment': 0,
 'k': 3,
 'log': <utils.logger.Logger object at 0x7f78b0658c70>,
 'loss_func': 'L1Loss',
 'lr': 0.001,
 'model': 'DNN',
 'optim': 'AdamW',
 'path': './datasets/',
 'patience': 10,
 'program_test': 0,
 'record': 0,
 'rounds': 5,
 'saved': 1,
 'seed': 0,
 'serv_num': 5825,
 'user_num': 339,
 'verbose': 1
INFO:DNN:|2024-03-15 01:13:36| ********************Experiment Start*******************
INFO:DNN:|2024-03-15 01:13:59| {'ablation': 0,
 'bs': 256,
 'check': 1,
 'classification': 0,
 'config_path': '/Users/zengyuxiang/Documents/科研代码/Reloop_MF/utils/../default_config.yaml',
 'dataset': 'rt',
 'debug': 0,
 'decay': 0.0001,
 'density': 0.1,
 'device': 'cpu',
 'dimension': 32,
 'epochs': 300,
 'experiment': 0,
 'k': 3,
 'log': <utils.logger.Logger object at 0x7f79d0607fd0>,
 'loss_func': 'L1Loss',
 'lr': 0.001,
 'model': 'DNN',
 'optim': 'AdamW',
 'path': './datasets/',
 'patience': 10,
 'program_test': 0,
 'record': 0,
 'rounds': 5,
 'saved': 1,
 'seed': 0,
 'serv_num': 5825,
 'user_num': 339,
 'verbose': 1
INFO:DNN:|2024-03-15 01:13:59| ********************Experiment Start*******************
INFO:DNN:|2024-03-15 01:15:24| {'ablation': 0,
 'bs': 256,
 'check': 1,
 'classification': 0,
 'config_path': '/Users/zengyuxiang/Documents/科研代码/Reloop_MF/utils/../default_config.yaml',
 'dataset': 'rt',
 'debug': 0,
 'decay': 0.0001,
 'density': 0.1,
 'device': 'cpu',
 'dimension': 32,
 'epochs': 300,
 'experiment': 0,
 'k': 3,
 'log': <utils.logger.Logger object at 0x7f90f15f0fd0>,
 'loss_func': 'L1Loss',
 'lr': 0.001,
 'model': 'DNN',
 'optim': 'AdamW',
 'path': './datasets/',
 'patience': 10,
 'program_test': 0,
 'record': 0,
 'rounds': 5,
 'saved': 1,
 'seed': 0,
 'serv_num': 5825,
 'user_num': 339,
 'verbose': 1
INFO:DNN:|2024-03-15 01:15:24| ********************Experiment Start*******************
INFO:DNN:|2024-03-15 01:20:55| {'ablation': 0,
 'bs': 256,
 'check': 1,
 'classification': 0,
 'config_path': '/Users/zengyuxiang/Documents/科研代码/Reloop_MF/utils/../default_config.yaml',
 'dataset': 'rt',
 'debug': 0,
 'decay': 0.0001,
 'density': 0.1,
 'device': 'cpu',
 'dimension': 32,
 'epochs': 300,
 'experiment': 0,
 'k': 3,
 'log': <utils.logger.Logger object at 0x7fb1c0e4fbe0>,
 'loss_func': 'L1Loss',
 'lr': 0.001,
 'model': 'DNN',
 'optim': 'AdamW',
 'path': './datasets/',
 'patience': 10,
 'program_test': 0,
 'record': 0,
 'rounds': 5,
 'saved': 1,
 'seed': 0,
 'serv_num': 5825,
 'user_num': 339,
 'verbose': 1
INFO:DNN:|2024-03-15 01:20:55| ********************Experiment Start*******************
INFO:DNN:|2024-03-15 01:32:46| {'ablation': 0,
 'bs': 256,
 'check': 1,
 'classification': 0,
 'config_path': '/Users/zengyuxiang/Documents/科研代码/Reloop_MF/utils/../default_config.yaml',
 'dataset': 'rt',
 'debug': 0,
 'decay': 0.0001,
 'density': 0.1,
 'device': 'cpu',
 'dimension': 32,
 'epochs': 300,
 'experiment': 0,
 'k': 3,
 'log': <utils.logger.Logger object at 0x7f9f88befb80>,
 'loss_func': 'L1Loss',
 'lr': 0.001,
 'model': 'DNN',
 'optim': 'AdamW',
 'path': './datasets/',
 'patience': 10,
 'program_test': 0,
 'record': 0,
 'rounds': 5,
 'saved': 1,
 'seed': 0,
 'serv_num': 5825,
 'user_num': 339,
 'verbose': 1
INFO:DNN:|2024-03-15 01:32:46| ********************Experiment Start*******************
INFO:DNN:|2024-03-15 01:33:27| {'ablation': 0,
 'bs': 256,
 'check': 1,
 'classification': 0,
 'config_path': '/Users/zengyuxiang/Documents/科研代码/Reloop_MF/utils/../default_config.yaml',
 'dataset': 'rt',
 'debug': 0,
 'decay': 0.0001,
 'density': 0.1,
 'device': 'cpu',
 'dimension': 32,
 'epochs': 300,
 'experiment': 0,
 'k': 3,
 'log': <utils.logger.Logger object at 0x7f90800cff70>,
 'loss_func': 'L1Loss',
 'lr': 0.001,
 'model': 'DNN',
 'optim': 'AdamW',
 'path': './datasets/',
 'patience': 10,
 'program_test': 0,
 'record': 0,
 'rounds': 5,
 'saved': 1,
 'seed': 0,
 'serv_num': 5825,
 'user_num': 339,
 'verbose': 1
INFO:DNN:|2024-03-15 01:33:27| ********************Experiment Start*******************
INFO:DNN:|2024-03-15 01:38:56| {'ablation': 0,
 'bs': 256,
 'check': 1,
 'classification': 0,
 'config_path': '/Users/zengyuxiang/Documents/科研代码/Reloop_MF/utils/../default_config.yaml',
 'dataset': 'rt',
 'debug': 0,
 'decay': 0.0001,
 'density': 0.1,
 'device': 'cpu',
 'dimension': 32,
 'epochs': 300,
 'experiment': 0,
 'k': 3,
 'log': <utils.logger.Logger object at 0x7f9099127a90>,
 'loss_func': 'L1Loss',
 'lr': 0.001,
 'model': 'DNN',
 'optim': 'AdamW',
 'path': './datasets/',
 'patience': 10,
 'program_test': 0,
 'record': 0,
 'rounds': 5,
 'saved': 1,
 'seed': 0,
 'serv_num': 5825,
 'user_num': 339,
 'verbose': 1
INFO:DNN:|2024-03-15 01:38:56| ********************Experiment Start*******************
INFO:DNN:|2024-03-15 01:41:19| {'ablation': 0,
 'bs': 256,
 'check': 1,
 'classification': 0,
 'config_path': '/Users/zengyuxiang/Documents/科研代码/Reloop_MF/utils/../default_config.yaml',
 'dataset': 'rt',
 'debug': 0,
 'decay': 0.0001,
 'density': 0.1,
 'device': 'cpu',
 'dimension': 32,
 'epochs': 300,
 'experiment': 0,
 'k': 3,
 'log': <utils.logger.Logger object at 0x7f95b847fbb0>,
 'loss_func': 'L1Loss',
 'lr': 0.001,
 'model': 'DNN',
 'optim': 'AdamW',
 'path': './datasets/',
 'patience': 10,
 'program_test': 0,
 'record': 0,
 'rounds': 5,
 'saved': 1,
 'seed': 0,
 'serv_num': 5825,
 'user_num': 339,
 'verbose': 1
INFO:DNN:|2024-03-15 01:41:19| ********************Experiment Start*******************
INFO:DNN:|2024-03-15 01:42:29| {'ablation': 0,
 'bs': 256,
 'check': 1,
 'classification': 0,
 'config_path': '/Users/zengyuxiang/Documents/科研代码/Reloop_MF/utils/../default_config.yaml',
 'dataset': 'rt',
 'debug': 0,
 'decay': 0.0001,
 'density': 0.1,
 'device': 'cpu',
 'dimension': 32,
 'epochs': 300,
 'experiment': 0,
 'k': 3,
 'log': <utils.logger.Logger object at 0x7fcce915dfd0>,
 'loss_func': 'L1Loss',
 'lr': 0.001,
 'model': 'DNN',
 'optim': 'AdamW',
 'path': './datasets/',
 'patience': 10,
 'program_test': 0,
 'record': 0,
 'rounds': 5,
 'saved': 1,
 'seed': 0,
 'serv_num': 5825,
 'user_num': 339,
 'verbose': 1
INFO:DNN:|2024-03-15 01:42:29| ********************Experiment Start*******************
INFO:DNN:|2024-03-15 01:49:59| {'ablation': 0,
 'bs': 256,
 'check': 1,
 'classification': 0,
 'config_path': '/Users/zengyuxiang/Documents/科研代码/Reloop_MF/utils/../default_config.yaml',
 'dataset': 'rt',
 'debug': 0,
 'decay': 0.0001,
 'density': 0.1,
 'device': 'cpu',
 'dimension': 32,
 'epochs': 300,
 'experiment': 0,
 'k': 3,
 'log': <utils.logger.Logger object at 0x7fcea0245bb0>,
 'loss_func': 'L1Loss',
 'lr': 0.001,
 'model': 'DNN',
 'optim': 'AdamW',
 'path': './datasets/',
 'patience': 10,
 'program_test': 0,
 'record': 0,
 'rounds': 5,
 'saved': 1,
 'seed': 0,
 'serv_num': 5825,
 'user_num': 339,
 'verbose': 1
INFO:DNN:|2024-03-15 01:49:59| ********************Experiment Start*******************
INFO:DNN:|2024-03-15 01:50:02| {'ablation': 0,
 'bs': 256,
 'check': 1,
 'classification': 0,
 'config_path': '/Users/zengyuxiang/Documents/科研代码/Reloop_MF/utils/../default_config.yaml',
 'dataset': 'rt',
 'debug': 0,
 'decay': 0.0001,
 'density': 0.1,
 'device': 'cpu',
 'dimension': 32,
 'epochs': 300,
 'experiment': 0,
 'k': 3,
 'log': <utils.logger.Logger object at 0x7f9980327f70>,
 'loss_func': 'L1Loss',
 'lr': 0.001,
 'model': 'DNN',
 'optim': 'AdamW',
 'path': './datasets/',
 'patience': 10,
 'program_test': 0,
 'record': 0,
 'rounds': 5,
 'saved': 1,
 'seed': 0,
 'serv_num': 5825,
 'user_num': 339,
 'verbose': 1
INFO:DNN:|2024-03-15 01:50:02| ********************Experiment Start*******************
INFO:DNN:|2024-03-15 01:51:25| {'ablation': 0,
 'bs': 256,
 'check': 1,
 'classification': 0,
 'config_path': '/Users/zengyuxiang/Documents/科研代码/Reloop_MF/utils/../default_config.yaml',
 'dataset': 'rt',
 'debug': 0,
 'decay': 0.0001,
 'density': 0.1,
 'device': 'cpu',
 'dimension': 32,
 'epochs': 300,
 'experiment': 0,
 'k': 3,
 'log': <utils.logger.Logger object at 0x7f9420f97be0>,
 'loss_func': 'L1Loss',
 'lr': 0.001,
 'model': 'DNN',
 'optim': 'AdamW',
 'path': './datasets/',
 'patience': 10,
 'program_test': 0,
 'record': 0,
 'rounds': 5,
 'saved': 1,
 'seed': 0,
 'serv_num': 5825,
 'user_num': 339,
 'verbose': 1
INFO:DNN:|2024-03-15 01:51:25| ********************Experiment Start*******************
INFO:DNN:|2024-03-15 01:51:33| {'ablation': 0,
 'bs': 256,
 'check': 1,
 'classification': 0,
 'config_path': '/Users/zengyuxiang/Documents/科研代码/Reloop_MF/utils/../default_config.yaml',
 'dataset': 'rt',
 'debug': 0,
 'decay': 0.0001,
 'density': 0.1,
 'device': 'cpu',
 'dimension': 32,
 'epochs': 300,
 'experiment': 0,
 'k': 3,
 'log': <utils.logger.Logger object at 0x7fa560545fd0>,
 'loss_func': 'L1Loss',
 'lr': 0.001,
 'model': 'DNN',
 'optim': 'AdamW',
 'path': './datasets/',
 'patience': 10,
 'program_test': 0,
 'record': 0,
 'rounds': 5,
 'saved': 1,
 'seed': 0,
 'serv_num': 5825,
 'user_num': 339,
 'verbose': 1
INFO:DNN:|2024-03-15 01:51:33| ********************Experiment Start*******************
INFO:DNN:|2024-03-15 01:52:07| {'ablation': 0,
 'bs': 256,
 'check': 1,
 'classification': 0,
 'config_path': '/Users/zengyuxiang/Documents/科研代码/Reloop_MF/utils/../default_config.yaml',
 'dataset': 'rt',
 'debug': 0,
 'decay': 0.0001,
 'density': 0.1,
 'device': 'cpu',
 'dimension': 32,
 'epochs': 300,
 'experiment': 0,
 'k': 3,
 'log': <utils.logger.Logger object at 0x7fe030d5efd0>,
 'loss_func': 'L1Loss',
 'lr': 0.001,
 'model': 'DNN',
 'optim': 'AdamW',
 'path': './datasets/',
 'patience': 10,
 'program_test': 0,
 'record': 0,
 'rounds': 5,
 'saved': 1,
 'seed': 0,
 'serv_num': 5825,
 'user_num': 339,
 'verbose': 1
INFO:DNN:|2024-03-15 01:52:07| ********************Experiment Start*******************
INFO:DNN:|2024-03-15 01:52:39| {'ablation': 0,
 'bs': 256,
 'check': 1,
 'classification': 0,
 'config_path': '/Users/zengyuxiang/Documents/科研代码/Reloop_MF/utils/../default_config.yaml',
 'dataset': 'rt',
 'debug': 0,
 'decay': 0.0001,
 'density': 0.1,
 'device': 'cpu',
 'dimension': 32,
 'epochs': 300,
 'experiment': 0,
 'k': 3,
 'log': <utils.logger.Logger object at 0x7fcfa0abff70>,
 'loss_func': 'L1Loss',
 'lr': 0.001,
 'model': 'DNN',
 'optim': 'AdamW',
 'path': './datasets/',
 'patience': 10,
 'program_test': 0,
 'record': 0,
 'rounds': 5,
 'saved': 1,
 'seed': 0,
 'serv_num': 5825,
 'user_num': 339,
 'verbose': 1
INFO:DNN:|2024-03-15 01:52:39| ********************Experiment Start*******************
INFO:DNN:|2024-03-15 01:54:49| {'ablation': 0,
 'bs': 256,
 'check': 1,
 'classification': 0,
 'config_path': '/Users/zengyuxiang/Documents/科研代码/Reloop_MF/utils/../default_config.yaml',
 'dataset': 'rt',
 'debug': 0,
 'decay': 0.0001,
 'density': 0.1,
 'device': 'cpu',
 'dimension': 32,
 'epochs': 300,
 'experiment': 0,
 'k': 3,
 'log': <utils.logger.Logger object at 0x7fb2002d7bb0>,
 'loss_func': 'L1Loss',
 'lr': 0.001,
 'model': 'DNN',
 'optim': 'AdamW',
 'path': './datasets/',
 'patience': 10,
 'program_test': 0,
 'record': 0,
 'rounds': 5,
 'saved': 1,
 'seed': 0,
 'serv_num': 5825,
 'user_num': 339,
 'verbose': 1
INFO:DNN:|2024-03-15 01:54:49| ********************Experiment Start*******************
INFO:DNN:|2024-03-15 01:55:18| {'ablation': 0,
 'bs': 256,
 'check': 1,
 'classification': 0,
 'config_path': '/Users/zengyuxiang/Documents/科研代码/Reloop_MF/utils/../default_config.yaml',
 'dataset': 'rt',
 'debug': 0,
 'decay': 0.0001,
 'density': 0.1,
 'device': 'cpu',
 'dimension': 32,
 'epochs': 300,
 'experiment': 0,
 'k': 3,
 'log': <utils.logger.Logger object at 0x7fea19486bb0>,
 'loss_func': 'L1Loss',
 'lr': 0.001,
 'model': 'DNN',
 'optim': 'AdamW',
 'path': './datasets/',
 'patience': 10,
 'program_test': 0,
 'record': 0,
 'rounds': 5,
 'saved': 1,
 'seed': 0,
 'serv_num': 5825,
 'user_num': 339,
 'verbose': 1
INFO:DNN:|2024-03-15 01:55:18| ********************Experiment Start*******************
INFO:DNN:|2024-03-15 01:55:48| {'ablation': 0,
 'bs': 256,
 'check': 1,
 'classification': 0,
 'config_path': '/Users/zengyuxiang/Documents/科研代码/Reloop_MF/utils/../default_config.yaml',
 'dataset': 'rt',
 'debug': 0,
 'decay': 0.0001,
 'density': 0.1,
 'device': 'cpu',
 'dimension': 32,
 'epochs': 300,
 'experiment': 0,
 'k': 3,
 'log': <utils.logger.Logger object at 0x7fca50a07be0>,
 'loss_func': 'L1Loss',
 'lr': 0.001,
 'model': 'DNN',
 'optim': 'AdamW',
 'path': './datasets/',
 'patience': 10,
 'program_test': 0,
 'record': 0,
 'rounds': 5,
 'saved': 1,
 'seed': 0,
 'serv_num': 5825,
 'user_num': 339,
 'verbose': 1
INFO:DNN:|2024-03-15 01:55:48| ********************Experiment Start*******************
INFO:DNN:|2024-03-15 01:56:09| {'ablation': 0,
 'bs': 256,
 'check': 1,
 'classification': 0,
 'config_path': '/Users/zengyuxiang/Documents/科研代码/Reloop_MF/utils/../default_config.yaml',
 'dataset': 'rt',
 'debug': 0,
 'decay': 0.0001,
 'density': 0.1,
 'device': 'cpu',
 'dimension': 32,
 'epochs': 300,
 'experiment': 0,
 'k': 3,
 'log': <utils.logger.Logger object at 0x7f88f8fcfbe0>,
 'loss_func': 'L1Loss',
 'lr': 0.001,
 'model': 'DNN',
 'optim': 'AdamW',
 'path': './datasets/',
 'patience': 10,
 'program_test': 0,
 'record': 0,
 'rounds': 5,
 'saved': 1,
 'seed': 0,
 'serv_num': 5825,
 'user_num': 339,
 'verbose': 1
INFO:DNN:|2024-03-15 01:56:09| ********************Experiment Start*******************
INFO:DNN:|2024-03-15 01:56:39| {'ablation': 0,
 'bs': 256,
 'check': 1,
 'classification': 0,
 'config_path': '/Users/zengyuxiang/Documents/科研代码/Reloop_MF/utils/../default_config.yaml',
 'dataset': 'rt',
 'debug': 0,
 'decay': 0.0001,
 'density': 0.1,
 'device': 'cpu',
 'dimension': 32,
 'epochs': 300,
 'experiment': 0,
 'k': 3,
 'log': <utils.logger.Logger object at 0x7f7d28fbff70>,
 'loss_func': 'L1Loss',
 'lr': 0.001,
 'model': 'DNN',
 'optim': 'AdamW',
 'path': './datasets/',
 'patience': 10,
 'program_test': 0,
 'record': 0,
 'rounds': 5,
 'saved': 1,
 'seed': 0,
 'serv_num': 5825,
 'user_num': 339,
 'verbose': 1
INFO:DNN:|2024-03-15 01:56:39| ********************Experiment Start*******************
INFO:DNN:|2024-03-15 01:57:35| {'ablation': 0,
 'bs': 256,
 'check': 1,
 'classification': 0,
 'config_path': '/Users/zengyuxiang/Documents/科研代码/Reloop_MF/utils/../default_config.yaml',
 'dataset': 'rt',
 'debug': 0,
 'decay': 0.0001,
 'density': 0.1,
 'device': 'cpu',
 'dimension': 32,
 'epochs': 300,
 'experiment': 0,
 'k': 3,
 'log': <utils.logger.Logger object at 0x7fd19a12ee50>,
 'loss_func': 'L1Loss',
 'lr': 0.001,
 'model': 'DNN',
 'optim': 'AdamW',
 'path': './datasets/',
 'patience': 10,
 'program_test': 0,
 'record': 0,
 'rounds': 5,
 'saved': 1,
 'seed': 0,
 'serv_num': 5825,
 'user_num': 339,
 'verbose': 1
INFO:DNN:|2024-03-15 01:57:35| ********************Experiment Start*******************
INFO:DNN:|2024-03-15 01:58:03| {'ablation': 0,
 'bs': 256,
 'check': 1,
 'classification': 0,
 'config_path': '/Users/zengyuxiang/Documents/科研代码/Reloop_MF/utils/../default_config.yaml',
 'dataset': 'rt',
 'debug': 0,
 'decay': 0.0001,
 'density': 0.1,
 'device': 'cpu',
 'dimension': 32,
 'epochs': 300,
 'experiment': 0,
 'k': 3,
 'log': <utils.logger.Logger object at 0x7f96b1547f70>,
 'loss_func': 'L1Loss',
 'lr': 0.001,
 'model': 'DNN',
 'optim': 'AdamW',
 'path': './datasets/',
 'patience': 10,
 'program_test': 0,
 'record': 0,
 'rounds': 5,
 'saved': 1,
 'seed': 0,
 'serv_num': 5825,
 'user_num': 339,
 'verbose': 1
INFO:DNN:|2024-03-15 01:58:03| ********************Experiment Start*******************
INFO:DNN:|2024-03-15 02:04:30| {'ablation': 0,
 'bs': 256,
 'check': 1,
 'classification': 0,
 'config_path': '/Users/zengyuxiang/Documents/科研代码/Reloop_MF/utils/../default_config.yaml',
 'dataset': 'rt',
 'debug': 0,
 'decay': 0.0001,
 'density': 0.1,
 'device': 'cpu',
 'dimension': 32,
 'epochs': 300,
 'experiment': 0,
 'k': 3,
 'log': <utils.logger.Logger object at 0x7fbc88577f70>,
 'loss_func': 'L1Loss',
 'lr': 0.001,
 'model': 'DNN',
 'optim': 'AdamW',
 'path': './datasets/',
 'patience': 10,
 'program_test': 0,
 'record': 0,
 'rounds': 5,
 'saved': 1,
 'seed': 0,
 'serv_num': 5825,
 'user_num': 339,
 'verbose': 1
INFO:DNN:|2024-03-15 02:04:30| ********************Experiment Start*******************
INFO:DNN:|2024-03-15 02:11:54| {'ablation': 0,
 'bs': 256,
 'check': 1,
 'classification': 0,
 'config_path': '/Users/zengyuxiang/Documents/科研代码/Reloop_MF/utils/../default_config.yaml',
 'dataset': 'rt',
 'debug': 0,
 'decay': 0.0001,
 'density': 0.1,
 'device': 'cpu',
 'dimension': 32,
 'epochs': 300,
 'experiment': 0,
 'k': 3,
 'log': <utils.logger.Logger object at 0x7fe198c00f70>,
 'loss_func': 'L1Loss',
 'lr': 0.001,
 'model': 'DNN',
 'optim': 'AdamW',
 'path': './datasets/',
 'patience': 10,
 'program_test': 0,
 'record': 0,
 'rounds': 5,
 'saved': 1,
 'seed': 0,
 'serv_num': 5825,
 'user_num': 339,
 'verbose': 1
INFO:DNN:|2024-03-15 02:11:54| ********************Experiment Start*******************
INFO:DNN:|2024-03-15 02:12:13| {'ablation': 0,
 'bs': 256,
 'check': 1,
 'classification': 0,
 'config_path': '/Users/zengyuxiang/Documents/科研代码/Reloop_MF/utils/../default_config.yaml',
 'dataset': 'rt',
 'debug': 0,
 'decay': 0.0001,
 'density': 0.1,
 'device': 'cpu',
 'dimension': 32,
 'epochs': 300,
 'experiment': 0,
 'k': 3,
 'log': <utils.logger.Logger object at 0x7fecf88afbe0>,
 'loss_func': 'L1Loss',
 'lr': 0.001,
 'model': 'DNN',
 'optim': 'AdamW',
 'path': './datasets/',
 'patience': 10,
 'program_test': 0,
 'record': 0,
 'rounds': 5,
 'saved': 1,
 'seed': 0,
 'serv_num': 5825,
 'user_num': 339,
 'verbose': 1
INFO:DNN:|2024-03-15 02:12:13| ********************Experiment Start*******************
INFO:DNN:|2024-03-15 02:16:26| {'ablation': 0,
 'bs': 256,
 'check': 1,
 'classification': 0,
 'config_path': '/Users/zengyuxiang/Documents/科研代码/Reloop_MF/utils/../default_config.yaml',
 'dataset': 'rt',
 'debug': 0,
 'decay': 0.0001,
 'density': 0.1,
 'device': 'cpu',
 'dimension': 32,
 'epochs': 300,
 'experiment': 0,
 'k': 3,
 'log': <utils.logger.Logger object at 0x7f7bb038dbe0>,
 'loss_func': 'L1Loss',
 'lr': 0.001,
 'model': 'DNN',
 'optim': 'AdamW',
 'path': './datasets/',
 'patience': 10,
 'program_test': 0,
 'record': 0,
 'rounds': 5,
 'saved': 1,
 'seed': 0,
 'serv_num': 5825,
 'user_num': 339,
 'verbose': 1
INFO:DNN:|2024-03-15 02:16:26| ********************Experiment Start*******************
INFO:DNN:|2024-03-18 01:32:51| {'ablation': 0,
 'bs': 256,
 'check': 1,
 'classification': 0,
 'config_path': '/Users/zengyuxiang/Documents/科研代码/Reloop_MF/utils/../default_config.yaml',
 'dataset': 'rt',
 'debug': 0,
 'decay': 0.0001,
 'density': 0.1,
 'device': 'cpu',
 'dimension': 32,
 'epochs': 300,
 'experiment': 0,
 'k': 3,
 'log': <utils.logger.Logger object at 0x7f8ef8328f70>,
 'loss_func': 'L1Loss',
 'lr': 0.001,
 'model': 'DNN',
 'optim': 'AdamW',
 'path': './datasets/',
 'patience': 10,
 'program_test': 0,
 'record': 0,
 'rounds': 5,
 'saved': 1,
 'seed': 0,
 'serv_num': 5825,
 'user_num': 339,
 'verbose': 1
INFO:DNN:|2024-03-18 01:32:51| ********************Experiment Start*******************
INFO:DNN:|2024-03-18 01:33:43| {'ablation': 0,
 'bs': 256,
 'check': 1,
 'classification': 0,
 'config_path': '/Users/zengyuxiang/Documents/科研代码/Reloop_MF/utils/../default_config.yaml',
 'dataset': 'rt',
 'debug': 0,
 'decay': 0.0001,
 'density': 0.1,
 'device': 'cpu',
 'dimension': 32,
 'epochs': 300,
 'experiment': 0,
 'k': 3,
 'log': <utils.logger.Logger object at 0x7f8ae07a80d0>,
 'loss_func': 'L1Loss',
 'lr': 0.001,
 'model': 'DNN',
 'optim': 'AdamW',
 'path': './datasets/',
 'patience': 10,
 'program_test': 0,
 'record': 0,
 'rounds': 5,
 'saved': 1,
 'seed': 0,
 'serv_num': 5825,
 'user_num': 339,
 'verbose': 1
INFO:DNN:|2024-03-18 01:33:43| ********************Experiment Start*******************
INFO:DNN:|2024-03-18 01:36:43| {'ablation': 0,
 'bs': 256,
 'check': 1,
 'classification': 0,
 'config_path': '/Users/zengyuxiang/Documents/科研代码/Reloop_MF/utils/../default_config.yaml',
 'dataset': 'rt',
 'debug': 0,
 'decay': 0.001,
 'density': 0.01,
 'device': 'cpu',
 'dimension': 32,
 'epochs': 1,
 'experiment': 0,
 'k': 3,
 'log': <utils.logger.Logger object at 0x7fe3298ccfd0>,
 'loss_func': 'L1Loss',
 'lr': 0.001,
 'model': 'DNN',
 'optim': 'AdamW',
 'path': './datasets/',
 'patience': 10,
 'program_test': 0,
 'record': 1,
 'rounds': 5,
 'saved': 1,
 'seed': 0,
 'serv_num': 5825,
 'user_num': 339,
 'verbose': 1
INFO:DNN:|2024-03-18 01:36:43| ********************Experiment Start*******************
INFO:DNN:|2024-03-18 01:44:12| {'ablation': 0,
 'bs': 256,
 'check': 1,
 'classification': 0,
 'config_path': '/Users/zengyuxiang/Documents/科研代码/Reloop_MF/utils/../default_config.yaml',
 'dataset': 'rt',
 'debug': 0,
 'decay': 0.0001,
 'density': 0.1,
 'device': 'cpu',
 'dimension': 32,
 'epochs': 300,
 'experiment': 0,
 'k': 3,
 'log': <utils.logger.Logger object at 0x7f904047eee0>,
 'logger': 'Run',
 'loss_func': 'L1Loss',
 'lr': 0.001,
 'model': 'DNN',
 'optim': 'AdamW',
 'path': './datasets/',
 'patience': 10,
 'program_test': 0,
 'record': 0,
 'rounds': 5,
 'saved': 1,
 'seed': 0,
 'serv_num': 5825,
 'user_num': 339,
 'verbose': 1
INFO:DNN:|2024-03-18 01:44:12| ********************Experiment Start*******************
INFO:DNN:|2024-03-18 01:44:16| {'ablation': 0,
 'bs': 256,
 'check': 1,
 'classification': 0,
 'config_path': '/Users/zengyuxiang/Documents/科研代码/Reloop_MF/utils/../default_config.yaml',
 'dataset': 'rt',
 'debug': 0,
 'decay': 0.001,
 'density': 0.01,
 'device': 'cpu',
 'dimension': 32,
 'epochs': 1,
 'experiment': 0,
 'k': 3,
 'log': <utils.logger.Logger object at 0x7fd97884cb20>,
 'logger': 'Experiment',
 'loss_func': 'L1Loss',
 'lr': 0.001,
 'model': 'DNN',
 'optim': 'AdamW',
 'path': './datasets/',
 'patience': 10,
 'program_test': 0,
 'record': 1,
 'rounds': 5,
 'saved': 1,
 'seed': 0,
 'serv_num': 5825,
 'user_num': 339,
 'verbose': 1
INFO:DNN:|2024-03-18 01:44:16| ********************Experiment Start*******************
